{"/home/ilijazm/uni/s4/stupro/bugfinder/src/models/code-visualizer.ts": {"path":"/home/ilijazm/uni/s4/stupro/bugfinder/src/models/code-visualizer.ts","statementMap":{"0":{"start":{"line":1,"column":0},"end":{"line":1,"column":50}},"1":{"start":{"line":3,"column":0},"end":{"line":3,"column":13}},"2":{"start":{"line":4,"column":2},"end":{"line":4,"column":null}},"3":{"start":{"line":12,"column":4},"end":{"line":12,"column":21}},"4":{"start":{"line":21,"column":39},"end":{"line":21,"column":41}},"5":{"start":{"line":22,"column":41},"end":{"line":22,"column":43}},"6":{"start":{"line":23,"column":4},"end":{"line":33,"column":null}},"7":{"start":{"line":23,"column":26},"end":{"line":23,"column":30}},"8":{"start":{"line":23,"column":26},"end":{"line":23,"column":41}},"9":{"start":{"line":23,"column":22},"end":{"line":23,"column":26}},"10":{"start":{"line":24,"column":19},"end":{"line":24,"column":31}},"11":{"start":{"line":25,"column":6},"end":{"line":32,"column":null}},"12":{"start":{"line":26,"column":8},"end":{"line":26,"column":37}},"13":{"start":{"line":27,"column":8},"end":{"line":27,"column":30}},"14":{"start":{"line":28,"column":13},"end":{"line":32,"column":null}},"15":{"start":{"line":29,"column":8},"end":{"line":29,"column":39}},"16":{"start":{"line":31,"column":8},"end":{"line":31,"column":39}},"17":{"start":{"line":34,"column":4},"end":{"line":34,"column":33}},"18":{"start":{"line":35,"column":4},"end":{"line":35,"column":17}},"19":{"start":{"line":45,"column":31},"end":{"line":45,"column":33}},"20":{"start":{"line":46,"column":22},"end":{"line":46,"column":23}},"21":{"start":{"line":47,"column":4},"end":{"line":56,"column":null}},"22":{"start":{"line":47,"column":26},"end":{"line":47,"column":30}},"23":{"start":{"line":47,"column":26},"end":{"line":47,"column":41}},"24":{"start":{"line":47,"column":22},"end":{"line":47,"column":26}},"25":{"start":{"line":48,"column":19},"end":{"line":48,"column":31}},"26":{"start":{"line":49,"column":6},"end":{"line":55,"column":null}},"27":{"start":{"line":50,"column":8},"end":{"line":50,"column":22}},"28":{"start":{"line":52,"column":8},"end":{"line":54,"column":null}},"29":{"start":{"line":53,"column":10},"end":{"line":53,"column":29}},"30":{"start":{"line":57,"column":4},"end":{"line":57,"column":16}},"31":{"start":{"line":68,"column":22},"end":{"line":68,"column":24}},"32":{"start":{"line":69,"column":4},"end":{"line":78,"column":null}},"33":{"start":{"line":69,"column":26},"end":{"line":69,"column":30}},"34":{"start":{"line":69,"column":26},"end":{"line":69,"column":41}},"35":{"start":{"line":69,"column":22},"end":{"line":69,"column":26}},"36":{"start":{"line":70,"column":19},"end":{"line":70,"column":31}},"37":{"start":{"line":71,"column":6},"end":{"line":77,"column":null}},"38":{"start":{"line":72,"column":8},"end":{"line":72,"column":28}},"39":{"start":{"line":73,"column":13},"end":{"line":77,"column":null}},"40":{"start":{"line":74,"column":8},"end":{"line":74,"column":28}},"41":{"start":{"line":76,"column":8},"end":{"line":76,"column":97}},"42":{"start":{"line":79,"column":4},"end":{"line":79,"column":23}},"43":{"start":{"line":81,"column":0},"end":{"line":81,"column":null}},"44":{"start":{"line":3,"column":13},"end":{"line":3,"column":27}}},"fnMap":{"0":{"name":"(anonymous_0)","decl":{"start":{"line":3,"column":0},"end":{"line":3,"column":13}},"loc":{"start":{"line":3,"column":0},"end":{"line":81,"column":null}}},"1":{"name":"CodeVisualizer","decl":{"start":{"line":11,"column":2},"end":{"line":11,"column":21}},"loc":{"start":{"line":11,"column":32},"end":{"line":13,"column":3}}},"2":{"name":"(anonymous_2)","decl":{"start":{"line":20,"column":2},"end":{"line":20,"column":null}},"loc":{"start":{"line":20,"column":2},"end":{"line":36,"column":3}}},"3":{"name":"(anonymous_3)","decl":{"start":{"line":44,"column":2},"end":{"line":44,"column":28}},"loc":{"start":{"line":44,"column":40},"end":{"line":58,"column":3}}},"4":{"name":"(anonymous_4)","decl":{"start":{"line":67,"column":2},"end":{"line":67,"column":null}},"loc":{"start":{"line":67,"column":2},"end":{"line":80,"column":3}}}},"branchMap":{"0":{"loc":{"start":{"line":25,"column":6},"end":{"line":32,"column":null}},"type":"if","locations":[{"start":{"line":25,"column":6},"end":{"line":32,"column":null}},{"start":{"line":28,"column":13},"end":{"line":32,"column":null}}]},"1":{"loc":{"start":{"line":28,"column":13},"end":{"line":32,"column":null}},"type":"if","locations":[{"start":{"line":28,"column":13},"end":{"line":32,"column":null}},{"start":{"line":30,"column":13},"end":{"line":32,"column":null}}]},"2":{"loc":{"start":{"line":49,"column":6},"end":{"line":55,"column":null}},"type":"if","locations":[{"start":{"line":49,"column":6},"end":{"line":55,"column":null}},{"start":{"line":51,"column":13},"end":{"line":55,"column":null}}]},"3":{"loc":{"start":{"line":52,"column":8},"end":{"line":54,"column":null}},"type":"if","locations":[{"start":{"line":52,"column":8},"end":{"line":54,"column":null}}]},"4":{"loc":{"start":{"line":71,"column":6},"end":{"line":77,"column":null}},"type":"if","locations":[{"start":{"line":71,"column":6},"end":{"line":77,"column":null}},{"start":{"line":73,"column":13},"end":{"line":77,"column":null}}]},"5":{"loc":{"start":{"line":73,"column":13},"end":{"line":77,"column":null}},"type":"if","locations":[{"start":{"line":73,"column":13},"end":{"line":77,"column":null}},{"start":{"line":75,"column":13},"end":{"line":77,"column":null}}]},"6":{"loc":{"start":{"line":76,"column":24},"end":{"line":76,"column":88}},"type":"cond-expr","locations":[{"start":{"line":76,"column":80},"end":{"line":76,"column":82}},{"start":{"line":76,"column":85},"end":{"line":76,"column":88}}]},"7":{"loc":{"start":{"line":76,"column":24},"end":{"line":76,"column":77}},"type":"binary-expr","locations":[{"start":{"line":76,"column":24},"end":{"line":76,"column":47}},{"start":{"line":76,"column":51},"end":{"line":76,"column":77}}]}},"s":{"0":1,"1":1,"2":3,"3":3,"4":1,"5":1,"6":1,"7":1,"8":1,"9":9,"10":9,"11":9,"12":2,"13":2,"14":7,"15":1,"16":6,"17":1,"18":1,"19":1,"20":1,"21":1,"22":1,"23":1,"24":9,"25":9,"26":9,"27":2,"28":7,"29":2,"30":1,"31":1,"32":1,"33":1,"34":1,"35":9,"36":9,"37":9,"38":2,"39":7,"40":1,"41":6,"42":1,"43":1,"44":1},"f":{"0":1,"1":3,"2":1,"3":1,"4":1},"b":{"0":[2,7],"1":[1,6],"2":[2,7],"3":[2],"4":[2,7],"5":[1,6],"6":[2,4],"7":[6,5]}}
,"/home/ilijazm/uni/s4/stupro/bugfinder/src/models/models.ts": {"path":"/home/ilijazm/uni/s4/stupro/bugfinder/src/models/models.ts","statementMap":{"0":{"start":{"line":1,"column":0},"end":{"line":1,"column":null}},"1":{"start":{"line":2,"column":2},"end":{"line":2,"column":null}},"2":{"start":{"line":3,"column":2},"end":{"line":3,"column":null}},"3":{"start":{"line":4,"column":2},"end":{"line":4,"column":null}},"4":{"start":{"line":22,"column":0},"end":{"line":22,"column":null}},"5":{"start":{"line":23,"column":2},"end":{"line":23,"column":null}},"6":{"start":{"line":24,"column":2},"end":{"line":24,"column":null}},"7":{"start":{"line":25,"column":2},"end":{"line":25,"column":null}},"8":{"start":{"line":26,"column":2},"end":{"line":26,"column":null}},"9":{"start":{"line":27,"column":2},"end":{"line":27,"column":null}},"10":{"start":{"line":28,"column":2},"end":{"line":28,"column":null}},"11":{"start":{"line":37,"column":0},"end":{"line":37,"column":13}},"12":{"start":{"line":38,"column":2},"end":{"line":38,"column":null}},"13":{"start":{"line":39,"column":2},"end":{"line":39,"column":null}},"14":{"start":{"line":42,"column":4},"end":{"line":42,"column":17}},"15":{"start":{"line":43,"column":4},"end":{"line":43,"column":21}},"16":{"start":{"line":45,"column":0},"end":{"line":45,"column":null}},"17":{"start":{"line":37,"column":13},"end":{"line":37,"column":17}},"18":{"start":{"line":47,"column":0},"end":{"line":47,"column":13}},"19":{"start":{"line":48,"column":2},"end":{"line":48,"column":null}},"20":{"start":{"line":49,"column":2},"end":{"line":49,"column":null}},"21":{"start":{"line":52,"column":4},"end":{"line":52,"column":17}},"22":{"start":{"line":53,"column":4},"end":{"line":53,"column":23}},"23":{"start":{"line":55,"column":0},"end":{"line":55,"column":null}},"24":{"start":{"line":47,"column":13},"end":{"line":47,"column":17}},"25":{"start":{"line":57,"column":0},"end":{"line":57,"column":13}},"26":{"start":{"line":58,"column":2},"end":{"line":58,"column":null}},"27":{"start":{"line":59,"column":2},"end":{"line":59,"column":null}},"28":{"start":{"line":62,"column":4},"end":{"line":62,"column":17}},"29":{"start":{"line":63,"column":4},"end":{"line":63,"column":21}},"30":{"start":{"line":65,"column":0},"end":{"line":65,"column":null}},"31":{"start":{"line":57,"column":13},"end":{"line":57,"column":21}},"32":{"start":{"line":67,"column":0},"end":{"line":67,"column":13}},"33":{"start":{"line":68,"column":2},"end":{"line":68,"column":null}},"34":{"start":{"line":69,"column":2},"end":{"line":69,"column":null}},"35":{"start":{"line":70,"column":2},"end":{"line":70,"column":null}},"36":{"start":{"line":73,"column":4},"end":{"line":73,"column":25}},"37":{"start":{"line":74,"column":4},"end":{"line":74,"column":31}},"38":{"start":{"line":75,"column":4},"end":{"line":75,"column":37}},"39":{"start":{"line":77,"column":0},"end":{"line":77,"column":null}},"40":{"start":{"line":67,"column":13},"end":{"line":67,"column":16}}},"fnMap":{"0":{"name":"(anonymous_0)","decl":{"start":{"line":1,"column":0},"end":{"line":1,"column":12}},"loc":{"start":{"line":1,"column":20},"end":{"line":5,"column":1}}},"1":{"name":"(anonymous_1)","decl":{"start":{"line":22,"column":0},"end":{"line":22,"column":12}},"loc":{"start":{"line":22,"column":21},"end":{"line":29,"column":1}}},"2":{"name":"(anonymous_2)","decl":{"start":{"line":37,"column":0},"end":{"line":37,"column":13}},"loc":{"start":{"line":37,"column":0},"end":{"line":45,"column":null}}},"3":{"name":"Word","decl":{"start":{"line":41,"column":2},"end":{"line":41,"column":21}},"loc":{"start":{"line":41,"column":56},"end":{"line":44,"column":3}}},"4":{"name":"(anonymous_4)","decl":{"start":{"line":47,"column":0},"end":{"line":47,"column":13}},"loc":{"start":{"line":47,"column":0},"end":{"line":55,"column":null}}},"5":{"name":"Code","decl":{"start":{"line":51,"column":2},"end":{"line":51,"column":21}},"loc":{"start":{"line":51,"column":47},"end":{"line":54,"column":3}}},"6":{"name":"(anonymous_6)","decl":{"start":{"line":57,"column":0},"end":{"line":57,"column":13}},"loc":{"start":{"line":57,"column":0},"end":{"line":65,"column":null}}},"7":{"name":"Solution","decl":{"start":{"line":61,"column":2},"end":{"line":61,"column":21}},"loc":{"start":{"line":61,"column":45},"end":{"line":64,"column":3}}},"8":{"name":"(anonymous_8)","decl":{"start":{"line":67,"column":0},"end":{"line":67,"column":13}},"loc":{"start":{"line":67,"column":0},"end":{"line":77,"column":null}}},"9":{"name":"Bug","decl":{"start":{"line":72,"column":2},"end":{"line":72,"column":21}},"loc":{"start":{"line":72,"column":79},"end":{"line":76,"column":3}}}},"branchMap":{"0":{"loc":{"start":{"line":1,"column":12},"end":{"line":1,"column":null}},"type":"binary-expr","locations":[{"start":{"line":1,"column":12},"end":{"line":1,"column":20}},{"start":{"line":1,"column":12},"end":{"line":1,"column":null}}]},"1":{"loc":{"start":{"line":22,"column":12},"end":{"line":22,"column":null}},"type":"binary-expr","locations":[{"start":{"line":22,"column":12},"end":{"line":22,"column":21}},{"start":{"line":22,"column":12},"end":{"line":22,"column":null}}]}},"s":{"0":1,"1":1,"2":1,"3":1,"4":1,"5":1,"6":1,"7":1,"8":1,"9":1,"10":1,"11":1,"12":27,"13":27,"14":27,"15":27,"16":1,"17":1,"18":1,"19":3,"20":3,"21":3,"22":3,"23":1,"24":1,"25":1,"26":0,"27":0,"28":0,"29":0,"30":1,"31":1,"32":1,"33":0,"34":0,"35":0,"36":0,"37":0,"38":0,"39":1,"40":1},"f":{"0":1,"1":1,"2":1,"3":27,"4":1,"5":3,"6":1,"7":0,"8":1,"9":0},"b":{"0":[1,1],"1":[1,1]}}
}
