TN:
SF:src/models/code-visualizer.ts
FN:3,(anonymous_0)
FN:11,CodeVisualizer
FN:20,(anonymous_2)
FN:44,(anonymous_3)
FN:67,(anonymous_4)
FNF:5
FNH:5
FNDA:1,(anonymous_0)
FNDA:3,CodeVisualizer
FNDA:1,(anonymous_2)
FNDA:1,(anonymous_3)
FNDA:1,(anonymous_4)
DA:1,1
DA:3,1
DA:4,3
DA:12,3
DA:21,1
DA:22,1
DA:23,9
DA:24,9
DA:25,9
DA:26,2
DA:27,2
DA:28,7
DA:29,1
DA:31,6
DA:34,1
DA:35,1
DA:45,1
DA:46,1
DA:47,9
DA:48,9
DA:49,9
DA:50,2
DA:52,7
DA:53,2
DA:57,1
DA:68,1
DA:69,9
DA:70,9
DA:71,9
DA:72,2
DA:73,7
DA:74,1
DA:76,6
DA:79,1
DA:81,1
LF:35
LH:35
BRDA:25,0,0,2
BRDA:25,0,1,7
BRDA:28,1,0,1
BRDA:28,1,1,6
BRDA:49,2,0,2
BRDA:49,2,1,7
BRDA:52,3,0,2
BRDA:71,4,0,2
BRDA:71,4,1,7
BRDA:73,5,0,1
BRDA:73,5,1,6
BRDA:76,6,0,2
BRDA:76,6,1,4
BRDA:76,7,0,6
BRDA:76,7,1,5
BRF:15
BRH:15
end_of_record
TN:
SF:src/models/models.ts
FN:1,(anonymous_0)
FN:22,(anonymous_1)
FN:37,(anonymous_2)
FN:41,Word
FN:47,(anonymous_4)
FN:51,Code
FN:57,(anonymous_6)
FN:61,Solution
FN:67,(anonymous_8)
FN:72,Bug
FNF:10
FNH:8
FNDA:1,(anonymous_0)
FNDA:1,(anonymous_1)
FNDA:1,(anonymous_2)
FNDA:27,Word
FNDA:1,(anonymous_4)
FNDA:3,Code
FNDA:1,(anonymous_6)
FNDA:0,Solution
FNDA:1,(anonymous_8)
FNDA:0,Bug
DA:1,1
DA:2,1
DA:3,1
DA:4,1
DA:22,1
DA:23,1
DA:24,1
DA:25,1
DA:26,1
DA:27,1
DA:28,1
DA:37,1
DA:38,27
DA:39,27
DA:42,27
DA:43,27
DA:45,1
DA:47,1
DA:48,3
DA:49,3
DA:52,3
DA:53,3
DA:55,1
DA:57,1
DA:58,0
DA:59,0
DA:62,0
DA:63,0
DA:65,1
DA:67,1
DA:68,0
DA:69,0
DA:70,0
DA:73,0
DA:74,0
DA:75,0
DA:77,1
LF:37
LH:27
BRDA:1,0,0,1
BRDA:1,0,1,1
BRDA:22,1,0,1
BRDA:22,1,1,1
BRF:4
BRH:4
end_of_record
